Using pre-set license
Built from '2022.3/staging' branch; Version is '2022.3.7f1 (b16b3b16c7a0) revision 11627323'; Using compiler version '192829333'; Build Type 'Release'
OS: 'Windows 10  (10.0.19045) 64bit Professional' Language: 'en' Physical Memory: 16218 MB
BatchMode: 1, IsHumanControllingUs: 0, StartBugReporterOnCrash: 0, Is64bit: 1, IsPro: 1

COMMAND LINE ARGUMENTS:
C:\Program Files\Unity\Hub\Editor\2022.3.7f1\Editor\Unity.exe
-adb2
-batchMode
-noUpm
-name
AssetImportWorker0
-projectPath
C:/Users/kaurv/cmpt306-project/cmpt306/Unity Files
-logFile
Logs/AssetImportWorker0.log
-srvPort
62903
Successfully changed project path to: C:/Users/kaurv/cmpt306-project/cmpt306/Unity Files
C:/Users/kaurv/cmpt306-project/cmpt306/Unity Files
[UnityMemory] Configuration Parameters - Can be set up in boot.config
    "memorysetup-bucket-allocator-granularity=16"
    "memorysetup-bucket-allocator-bucket-count=8"
    "memorysetup-bucket-allocator-block-size=33554432"
    "memorysetup-bucket-allocator-block-count=8"
    "memorysetup-main-allocator-block-size=16777216"
    "memorysetup-thread-allocator-block-size=16777216"
    "memorysetup-gfx-main-allocator-block-size=16777216"
    "memorysetup-gfx-thread-allocator-block-size=16777216"
    "memorysetup-cache-allocator-block-size=4194304"
    "memorysetup-typetree-allocator-block-size=2097152"
    "memorysetup-profiler-bucket-allocator-granularity=16"
    "memorysetup-profiler-bucket-allocator-bucket-count=8"
    "memorysetup-profiler-bucket-allocator-block-size=33554432"
    "memorysetup-profiler-bucket-allocator-block-count=8"
    "memorysetup-profiler-allocator-block-size=16777216"
    "memorysetup-profiler-editor-allocator-block-size=1048576"
    "memorysetup-temp-allocator-size-main=16777216"
    "memorysetup-job-temp-allocator-block-size=2097152"
    "memorysetup-job-temp-allocator-block-size-background=1048576"
    "memorysetup-job-temp-allocator-reduction-small-platforms=262144"
    "memorysetup-allocator-temp-initial-block-size-main=262144"
    "memorysetup-allocator-temp-initial-block-size-worker=262144"
    "memorysetup-temp-allocator-size-background-worker=32768"
    "memorysetup-temp-allocator-size-job-worker=262144"
    "memorysetup-temp-allocator-size-preload-manager=33554432"
    "memorysetup-temp-allocator-size-nav-mesh-worker=65536"
    "memorysetup-temp-allocator-size-audio-worker=65536"
    "memorysetup-temp-allocator-size-cloud-worker=32768"
    "memorysetup-temp-allocator-size-gi-baking-worker=262144"
    "memorysetup-temp-allocator-size-gfx=262144"
Player connection [27904] Host "[IP] 10.237.254.116 [Port] 0 [Flags] 2 [Guid] 2665220606 [EditorId] 2665220606 [Version] 1048832 [Id] WindowsEditor(7,ESTI-X1-045) [Debug] 1 [PackageName] WindowsEditor [ProjectName] Editor" joined multi-casting on [225.0.0.222:54997]...

Player connection [27904] Host "[IP] 10.237.254.116 [Port] 0 [Flags] 2 [Guid] 2665220606 [EditorId] 2665220606 [Version] 1048832 [Id] WindowsEditor(7,ESTI-X1-045) [Debug] 1 [PackageName] WindowsEditor [ProjectName] Editor" joined alternative multi-casting on [225.0.0.222:34997]...

Refreshing native plugins compatible for Editor in 35.26 ms, found 4 plugins.
Preloading 0 native plugins for Editor in 0.00 ms.
Initialize engine version: 2022.3.7f1 (b16b3b16c7a0)
[Subsystems] Discovering subsystems at path C:/Program Files/Unity/Hub/Editor/2022.3.7f1/Editor/Data/Resources/UnitySubsystems
[Subsystems] Discovering subsystems at path C:/Users/kaurv/cmpt306-project/cmpt306/Unity Files/Assets
GfxDevice: creating device client; threaded=0; jobified=0
Direct3D:
    Version:  Direct3D 11.0 [level 11.1]
    Renderer: Intel(R) UHD Graphics 620 (ID=0x5917)
    Vendor:   Intel
    VRAM:     8109 MB
    Driver:   30.0.100.9865
Initialize mono
Mono path[0] = 'C:/Program Files/Unity/Hub/Editor/2022.3.7f1/Editor/Data/Managed'
Mono path[1] = 'C:/Program Files/Unity/Hub/Editor/2022.3.7f1/Editor/Data/MonoBleedingEdge/lib/mono/unityjit-win32'
Mono config path = 'C:/Program Files/Unity/Hub/Editor/2022.3.7f1/Editor/Data/MonoBleedingEdge/etc'
Using monoOptions --debugger-agent=transport=dt_socket,embedding=1,server=y,suspend=n,address=127.0.0.1:56356
Begin MonoManager ReloadAssembly
Registering precompiled unity dll's ...
Register platform support module: C:/Program Files/Unity/Hub/Editor/2022.3.7f1/Editor/Data/PlaybackEngines/WindowsStandaloneSupport/UnityEditor.WindowsStandalone.Extensions.dll
Registered in 0.025469 seconds.
- Loaded All Assemblies, in  0.955 seconds
Native extension for WindowsStandalone target not found
Mono: successfully reloaded assembly
- Finished resetting the current domain, in  0.911 seconds
Domain Reload Profiling: 1863ms
	BeginReloadAssembly (217ms)
		ExecutionOrderSort (0ms)
		DisableScriptedObjects (0ms)
		BackupInstance (0ms)
		ReleaseScriptingObjects (0ms)
		CreateAndSetChildDomain (1ms)
	RebuildCommonClasses (101ms)
	RebuildNativeTypeToScriptingClass (37ms)
	initialDomainReloadingComplete (163ms)
	LoadAllAssembliesAndSetupDomain (432ms)
		LoadAssemblies (213ms)
		RebuildTransferFunctionScriptingTraits (0ms)
		AnalyzeDomain (427ms)
			TypeCache.Refresh (424ms)
				TypeCache.ScanAssembly (385ms)
			ScanForSourceGeneratedMonoScriptInfo (1ms)
			ResolveRequiredComponents (1ms)
	FinalizeReload (913ms)
		ReleaseScriptCaches (0ms)
		RebuildScriptCaches (0ms)
		SetupLoadedEditorAssemblies (689ms)
			LogAssemblyErrors (0ms)
			InitializePlatformSupportModulesInManaged (36ms)
			SetLoadedEditorAssemblies (29ms)
			RefreshPlugins (0ms)
			BeforeProcessingInitializeOnLoad (7ms)
			ProcessInitializeOnLoadAttributes (434ms)
			ProcessInitializeOnLoadMethodAttributes (183ms)
			AfterProcessingInitializeOnLoad (0ms)
			EditorAssembliesLoaded (0ms)
		ExecutionOrderSort2 (0ms)
		AwakeInstancesAfterBackupRestoration (0ms)
========================================================================
Worker process is ready to serve import requests
Begin MonoManager ReloadAssembly
Symbol file LoadedFromMemory doesn't match image C:\Users\kaurv\cmpt306-project\cmpt306\Unity Files\Library\PackageCache\com.unity.visualscripting@1.8.0\Editor\VisualScripting.Core\Dependencies\YamlDotNet\Unity.VisualScripting.YamlDotNet.dll
Symbol file LoadedFromMemory doesn't match image C:\Users\kaurv\cmpt306-project\cmpt306\Unity Files\Library\PackageCache\com.unity.visualscripting@1.8.0\Editor\VisualScripting.Core\Dependencies\DotNetZip\Unity.VisualScripting.IonicZip.dll
- Loaded All Assemblies, in  1.918 seconds
Refreshing native plugins compatible for Editor in 8.95 ms, found 4 plugins.
Native extension for WindowsStandalone target not found
Package Manager log level set to [2]
[Package Manager] Server::EnsureServerProcessIsRunning -- launch failed, reason: Unity was launched with the -noUpm command-line argument
[Package Manager] UpmClient::Send -- Unable to send message (not connected to UPM process).
[Package Manager] Cannot connect to Unity Package Manager local server
Mono: successfully reloaded assembly
- Finished resetting the current domain, in  1.467 seconds
Domain Reload Profiling: 3374ms
	BeginReloadAssembly (685ms)
		ExecutionOrderSort (0ms)
		DisableScriptedObjects (17ms)
		BackupInstance (0ms)
		ReleaseScriptingObjects (0ms)
		CreateAndSetChildDomain (124ms)
	RebuildCommonClasses (83ms)
	RebuildNativeTypeToScriptingClass (30ms)
	initialDomainReloadingComplete (112ms)
	LoadAllAssembliesAndSetupDomain (996ms)
		LoadAssemblies (952ms)
		RebuildTransferFunctionScriptingTraits (0ms)
		AnalyzeDomain (456ms)
			TypeCache.Refresh (391ms)
				TypeCache.ScanAssembly (350ms)
			ScanForSourceGeneratedMonoScriptInfo (54ms)
			ResolveRequiredComponents (9ms)
	FinalizeReload (1468ms)
		ReleaseScriptCaches (0ms)
		RebuildScriptCaches (0ms)
		SetupLoadedEditorAssemblies (1152ms)
			LogAssemblyErrors (0ms)
			InitializePlatformSupportModulesInManaged (12ms)
			SetLoadedEditorAssemblies (7ms)
			RefreshPlugins (0ms)
			BeforeProcessingInitializeOnLoad (158ms)
			ProcessInitializeOnLoadAttributes (891ms)
			ProcessInitializeOnLoadMethodAttributes (69ms)
			AfterProcessingInitializeOnLoad (16ms)
			EditorAssembliesLoaded (0ms)
		ExecutionOrderSort2 (0ms)
		AwakeInstancesAfterBackupRestoration (14ms)
Launched and connected shader compiler UnityShaderCompiler.exe after 0.09 seconds
Refreshing native plugins compatible for Editor in 9.35 ms, found 4 plugins.
Preloading 0 native plugins for Editor in 0.00 ms.
Unloading 3999 Unused Serialized files (Serialized files now loaded: 0)
Unloading 63 unused Assets / (60.5 KB). Loaded Objects now: 4461.
Memory consumption went from 135.8 MB to 135.7 MB.
Total: 5.744200 ms (FindLiveObjects: 0.413900 ms CreateObjectMapping: 0.393800 ms MarkObjects: 4.703500 ms  DeleteObjects: 0.231400 ms)

AssetImportParameters requested are different than current active one (requested -> active):
  custom:container-demuxer-ogg: 62fdf1f143b41e24485cea50d1cbac27 -> 
  custom:video-codec-MediaFoundation-h265: 746d11721c4dcdbdad8f713fa42b33f4 -> 
  custom:video-decoder-ogg-theora: a1e56fd34408186e4bbccfd4996cb3dc -> 
  custom:framework-win-MediaFoundation: 216162199b28c13a410421893ffa2e32 -> 
  custom:CustomObjectIndexerAttribute: 756ad292c208cfabdd7b50bc23989ffe -> 
  custom:container-demuxer-webm: 4f35f7cbe854078d1ac9338744f61a02 -> 
  custom:container-muxer-webm: aa71ff27fc2769a1b78a27578f13a17b -> 
  custom:video-decoder-webm-vp8: 9c59270c3fd7afecdb556c50c9e8de78 -> 
  custom:SearchIndexIgnoredProperties: e643bd26f0fe6173181afceb89e7c659 -> 
  custom:AudioImporter_EditorPlatform: d09bf68614088b80899f8185d706f6e7 -> 
  custom:video-encoder-webm-vp8: eb34c28f22e8b96e1ab97ce403110664 -> 
  custom:audio-decoder-ogg-vorbis: bf7c407c2cedff20999df2af8eb42d56 -> 
  custom:audio-encoder-webm-vorbis: bf7c407c2cedff20999df2af8eb42d56 -> 
========================================================================
Received Import Request.
  Time since last request: 169434.391770 seconds.
  path: Assets/Stylized 2D Space Shooter - Free/Sprites/Medium/Pickup_3_D_Medium.png
  artifactKey: Guid(26fba481ca28efc4294a064104fbb4f8) Importer(815301076,1909f56bfc062723c751e8b465ee728b)
Start importing Assets/Stylized 2D Space Shooter - Free/Sprites/Medium/Pickup_3_D_Medium.png using Guid(26fba481ca28efc4294a064104fbb4f8) Importer(815301076,1909f56bfc062723c751e8b465ee728b)  -> (artifact id: '9bf34fd595eed65d7438f5162f155c56') in 0.200107 seconds
Number of updated asset objects reloaded before import = 0
Number of asset objects unloaded after import = 3
========================================================================
Received Import Request.
  Time since last request: 0.000046 seconds.
  path: Assets/Stylized 2D Space Shooter - Free/Sprites/Medium/Boss_1_B_Medium.png
  artifactKey: Guid(6e84bdafa53058c4dbe39d87e2ff06b1) Importer(815301076,1909f56bfc062723c751e8b465ee728b)
Start importing Assets/Stylized 2D Space Shooter - Free/Sprites/Medium/Boss_1_B_Medium.png using Guid(6e84bdafa53058c4dbe39d87e2ff06b1) Importer(815301076,1909f56bfc062723c751e8b465ee728b)  -> (artifact id: '501fac345a69c150b5f0f2010a8c5868') in 0.048361 seconds
Number of updated asset objects reloaded before import = 0
Number of asset objects unloaded after import = 3
========================================================================
Received Import Request.
  Time since last request: 0.000039 seconds.
  path: Assets/Stylized 2D Space Shooter - Free/Sprites/Medium/Enemy_3_B_Medium.png
  artifactKey: Guid(818740ff7053677409557ac70aec2cbd) Importer(815301076,1909f56bfc062723c751e8b465ee728b)
Start importing Assets/Stylized 2D Space Shooter - Free/Sprites/Medium/Enemy_3_B_Medium.png using Guid(818740ff7053677409557ac70aec2cbd) Importer(815301076,1909f56bfc062723c751e8b465ee728b)  -> (artifact id: '73fce1bb8029cab4af4c4f9972a7e70a') in 0.048999 seconds
Number of updated asset objects reloaded before import = 0
Number of asset objects unloaded after import = 3
========================================================================
Received Import Request.
  Time since last request: 0.000037 seconds.
  path: Assets/Stylized 2D Space Shooter - Free/Sprites/Medium/Pickup_3_A_Medium.png
  artifactKey: Guid(d71b4a78d424303498cc258241a9a448) Importer(815301076,1909f56bfc062723c751e8b465ee728b)
Start importing Assets/Stylized 2D Space Shooter - Free/Sprites/Medium/Pickup_3_A_Medium.png using Guid(d71b4a78d424303498cc258241a9a448) Importer(815301076,1909f56bfc062723c751e8b465ee728b)  -> (artifact id: 'b736a9d42dd03246cca3ef7ce7508aa7') in 0.045168 seconds
Number of updated asset objects reloaded before import = 0
Number of asset objects unloaded after import = 3
========================================================================
Received Import Request.
  Time since last request: 0.000030 seconds.
  path: Assets/Stylized 2D Space Shooter - Free/Sprites/Medium/Pickup_1_C_Medium.png
  artifactKey: Guid(b502f4a19a791234aa106bde5104e7f5) Importer(815301076,1909f56bfc062723c751e8b465ee728b)
Start importing Assets/Stylized 2D Space Shooter - Free/Sprites/Medium/Pickup_1_C_Medium.png using Guid(b502f4a19a791234aa106bde5104e7f5) Importer(815301076,1909f56bfc062723c751e8b465ee728b)  -> (artifact id: '5994649e156c95dfa8a618b84e51ffaa') in 0.053845 seconds
Number of updated asset objects reloaded before import = 0
Number of asset objects unloaded after import = 3
========================================================================
Received Import Request.
  Time since last request: 0.000143 seconds.
  path: Assets/Stylized 2D Space Shooter - Free/Sprites/Medium/Enemy_2_A_Medium.png
  artifactKey: Guid(eb8b99d099fd5f240b682944aa0f0b8c) Importer(815301076,1909f56bfc062723c751e8b465ee728b)
Start importing Assets/Stylized 2D Space Shooter - Free/Sprites/Medium/Enemy_2_A_Medium.png using Guid(eb8b99d099fd5f240b682944aa0f0b8c) Importer(815301076,1909f56bfc062723c751e8b465ee728b)  -> (artifact id: '5b6cf66c6d9fe8a3d87524ccc7cab861') in 0.047452 seconds
Number of updated asset objects reloaded before import = 0
Number of asset objects unloaded after import = 3
========================================================================
Received Import Request.
  Time since last request: 0.000033 seconds.
  path: Assets/Stylized 2D Space Shooter - Free/Sprites/Medium/Pickup_2_C_Medium.png
  artifactKey: Guid(6dbb19271ab0ff442be01cfe10166898) Importer(815301076,1909f56bfc062723c751e8b465ee728b)
Start importing Assets/Stylized 2D Space Shooter - Free/Sprites/Medium/Pickup_2_C_Medium.png using Guid(6dbb19271ab0ff442be01cfe10166898) Importer(815301076,1909f56bfc062723c751e8b465ee728b)  -> (artifact id: 'eb02f18b74dc62bbefe7cb9627198b9f') in 0.050512 seconds
Number of updated asset objects reloaded before import = 0
Number of asset objects unloaded after import = 3
========================================================================
Received Import Request.
  Time since last request: 0.000080 seconds.
  path: Assets/Stylized 2D Space Shooter - Free/Sprites/Medium/Pickup_2_D_Medium.png
  artifactKey: Guid(94cfbc7054997d04597e711988ddc78f) Importer(815301076,1909f56bfc062723c751e8b465ee728b)
Start importing Assets/Stylized 2D Space Shooter - Free/Sprites/Medium/Pickup_2_D_Medium.png using Guid(94cfbc7054997d04597e711988ddc78f) Importer(815301076,1909f56bfc062723c751e8b465ee728b)  -> (artifact id: 'fbaa7f42de36a0aa1b739a51c1102ccc') in 0.045364 seconds
Number of updated asset objects reloaded before import = 0
Number of asset objects unloaded after import = 3
========================================================================
Received Import Request.
  Time since last request: 0.000054 seconds.
  path: Assets/Stylized 2D Space Shooter - Free/Sprites/Medium/Enemy_1_B_Medium.png
  artifactKey: Guid(34bc3dd101fbca24a844496de8850848) Importer(815301076,1909f56bfc062723c751e8b465ee728b)
Start importing Assets/Stylized 2D Space Shooter - Free/Sprites/Medium/Enemy_1_B_Medium.png using Guid(34bc3dd101fbca24a844496de8850848) Importer(815301076,1909f56bfc062723c751e8b465ee728b)  -> (artifact id: '0375c320133a7629b4b85321c31c5955') in 0.051237 seconds
Number of updated asset objects reloaded before import = 0
Number of asset objects unloaded after import = 3
========================================================================
Received Import Request.
  Time since last request: 0.000055 seconds.
  path: Assets/Stylized 2D Space Shooter - Free/Sprites/Medium/Missile_B_Medium.png
  artifactKey: Guid(da523ed5c48806d4eb784bc9360ed0de) Importer(815301076,1909f56bfc062723c751e8b465ee728b)
Start importing Assets/Stylized 2D Space Shooter - Free/Sprites/Medium/Missile_B_Medium.png using Guid(da523ed5c48806d4eb784bc9360ed0de) Importer(815301076,1909f56bfc062723c751e8b465ee728b)  -> (artifact id: 'e0c44a3cea78818dc5528c64df13b1eb') in 0.056775 seconds
Number of updated asset objects reloaded before import = 0
Number of asset objects unloaded after import = 3
========================================================================
Received Import Request.
  Time since last request: 0.000044 seconds.
  path: Assets/Stylized 2D Space Shooter - Free/Sprites/Medium/Missile_D_Medium.png
  artifactKey: Guid(79dc9ebb7f6d7a44d8a52dc24486c506) Importer(815301076,1909f56bfc062723c751e8b465ee728b)
Start importing Assets/Stylized 2D Space Shooter - Free/Sprites/Medium/Missile_D_Medium.png using Guid(79dc9ebb7f6d7a44d8a52dc24486c506) Importer(815301076,1909f56bfc062723c751e8b465ee728b)  -> (artifact id: '9536d183c5ba82003ddbaa26e0addeef') in 0.052338 seconds
Number of updated asset objects reloaded before import = 0
Number of asset objects unloaded after import = 3
========================================================================
Received Import Request.
  Time since last request: 0.000057 seconds.
  path: Assets/Stylized 2D Space Shooter - Free/Sprites/Medium/Enemy_1_A_Medium.png
  artifactKey: Guid(2da3afa9b3caa7741be2ecab49e750e0) Importer(815301076,1909f56bfc062723c751e8b465ee728b)
Start importing Assets/Stylized 2D Space Shooter - Free/Sprites/Medium/Enemy_1_A_Medium.png using Guid(2da3afa9b3caa7741be2ecab49e750e0) Importer(815301076,1909f56bfc062723c751e8b465ee728b)  -> (artifact id: 'ca8e613759c2a24afb5bba439594d81d') in 0.045698 seconds
Number of updated asset objects reloaded before import = 0
Number of asset objects unloaded after import = 3
========================================================================
Received Import Request.
  Time since last request: 0.000044 seconds.
  path: Assets/Stylized 2D Space Shooter - Free/Sprites/Medium
  artifactKey: Guid(972ba3197a04080499091ca76040d3b7) Importer(815301076,1909f56bfc062723c751e8b465ee728b)
Start importing Assets/Stylized 2D Space Shooter - Free/Sprites/Medium using Guid(972ba3197a04080499091ca76040d3b7) Importer(815301076,1909f56bfc062723c751e8b465ee728b)  -> (artifact id: '5d558bda4f0bfc5734ce8cc69fd1f42d') in 0.000960 seconds
Number of updated asset objects reloaded before import = 0
Number of asset objects unloaded after import = 0
========================================================================
Received Import Request.
  Time since last request: 0.000090 seconds.
  path: Assets/Stylized 2D Space Shooter - Free/Sprites/Medium/Pickup_1_A_Medium.png
  artifactKey: Guid(1f962794decd2ba46b58b7fbcb6d786a) Importer(815301076,1909f56bfc062723c751e8b465ee728b)
Start importing Assets/Stylized 2D Space Shooter - Free/Sprites/Medium/Pickup_1_A_Medium.png using Guid(1f962794decd2ba46b58b7fbcb6d786a) Importer(815301076,1909f56bfc062723c751e8b465ee728b)  -> (artifact id: 'fa724094a00d4c8d421b512667e3db4b') in 0.045110 seconds
Number of updated asset objects reloaded before import = 0
Number of asset objects unloaded after import = 3
========================================================================
Received Import Request.
  Time since last request: 0.000046 seconds.
  path: Assets/Stylized 2D Space Shooter - Free/Sprites/Medium/Enemy_3_A_Medium.png
  artifactKey: Guid(6bd63e8333d78fc4ba7fba0a77b916f6) Importer(815301076,1909f56bfc062723c751e8b465ee728b)
Start importing Assets/Stylized 2D Space Shooter - Free/Sprites/Medium/Enemy_3_A_Medium.png using Guid(6bd63e8333d78fc4ba7fba0a77b916f6) Importer(815301076,1909f56bfc062723c751e8b465ee728b)  -> (artifact id: 'cdcc315bb043970e1c7eadeb95597ce5') in 0.045742 seconds
Number of updated asset objects reloaded before import = 0
Number of asset objects unloaded after import = 3
========================================================================
Received Import Request.
  Time since last request: 0.000043 seconds.
  path: Assets/Stylized 2D Space Shooter - Free/Sprites/Medium/Boss_1_A_Medium.png
  artifactKey: Guid(174514226af9947449bc7e8d6ba2603e) Importer(815301076,1909f56bfc062723c751e8b465ee728b)
Start importing Assets/Stylized 2D Space Shooter - Free/Sprites/Medium/Boss_1_A_Medium.png using Guid(174514226af9947449bc7e8d6ba2603e) Importer(815301076,1909f56bfc062723c751e8b465ee728b)  -> (artifact id: 'f99a72b514f0429103fbaedd108cbb9a') in 0.045317 seconds
Number of updated asset objects reloaded before import = 0
Number of asset objects unloaded after import = 3
========================================================================
Received Import Request.
  Time since last request: 0.000031 seconds.
  path: Assets/Stylized 2D Space Shooter - Free/Sprites/Medium/Pickup_3_B_Medium.png
  artifactKey: Guid(9a15b6eb3bb20f04aac2980fc4ffd31e) Importer(815301076,1909f56bfc062723c751e8b465ee728b)
Start importing Assets/Stylized 2D Space Shooter - Free/Sprites/Medium/Pickup_3_B_Medium.png using Guid(9a15b6eb3bb20f04aac2980fc4ffd31e) Importer(815301076,1909f56bfc062723c751e8b465ee728b)  -> (artifact id: 'b2005ccff609c605024d5149afee5643') in 0.047549 seconds
Number of updated asset objects reloaded before import = 0
Number of asset objects unloaded after import = 3
========================================================================
Received Import Request.
  Time since last request: 0.000040 seconds.
  path: Assets/Stylized 2D Space Shooter - Free/Sprites/Medium/Missile_C_Medium.png
  artifactKey: Guid(3c3875f2a29db15409577e3d7db63718) Importer(815301076,1909f56bfc062723c751e8b465ee728b)
Start importing Assets/Stylized 2D Space Shooter - Free/Sprites/Medium/Missile_C_Medium.png using Guid(3c3875f2a29db15409577e3d7db63718) Importer(815301076,1909f56bfc062723c751e8b465ee728b)  -> (artifact id: '64e3be9cb65e10bc2158e1b10c26c20d') in 0.047087 seconds
Number of updated asset objects reloaded before import = 0
Number of asset objects unloaded after import = 3
========================================================================
Received Import Request.
  Time since last request: 0.000041 seconds.
  path: Assets/Stylized 2D Space Shooter - Free/Sprites/Medium/Pickup_1_B_Medium.png
  artifactKey: Guid(fc9311d8abea8db47ad2745b9bbb53bb) Importer(815301076,1909f56bfc062723c751e8b465ee728b)
Start importing Assets/Stylized 2D Space Shooter - Free/Sprites/Medium/Pickup_1_B_Medium.png using Guid(fc9311d8abea8db47ad2745b9bbb53bb) Importer(815301076,1909f56bfc062723c751e8b465ee728b)  -> (artifact id: 'e3962a64fd705a7fca8d0b994a42735e') in 0.044469 seconds
Number of updated asset objects reloaded before import = 0
Number of asset objects unloaded after import = 3
========================================================================
Received Import Request.
  Time since last request: 0.000027 seconds.
  path: Assets/Stylized 2D Space Shooter - Free/Sprites/Medium/Enemy_1_C_Medium.png
  artifactKey: Guid(a696aedc20f96ca42be97fda786a93e3) Importer(815301076,1909f56bfc062723c751e8b465ee728b)
Start importing Assets/Stylized 2D Space Shooter - Free/Sprites/Medium/Enemy_1_C_Medium.png using Guid(a696aedc20f96ca42be97fda786a93e3) Importer(815301076,1909f56bfc062723c751e8b465ee728b)  -> (artifact id: '322fcceff7887cfb113c1ecf19e5fe45') in 0.044210 seconds
Number of updated asset objects reloaded before import = 0
Number of asset objects unloaded after import = 3
========================================================================
Received Import Request.
  Time since last request: 0.000060 seconds.
  path: Assets/Stylized 2D Space Shooter - Free/Sprites/Medium/Enemy_2_B_Medium.png
  artifactKey: Guid(e51fbfb9afeaa8a4a82ebd865a9c541a) Importer(815301076,1909f56bfc062723c751e8b465ee728b)
Start importing Assets/Stylized 2D Space Shooter - Free/Sprites/Medium/Enemy_2_B_Medium.png using Guid(e51fbfb9afeaa8a4a82ebd865a9c541a) Importer(815301076,1909f56bfc062723c751e8b465ee728b)  -> (artifact id: '4cff0d0c52c26e66680713996f1ae1ca') in 0.047099 seconds
Number of updated asset objects reloaded before import = 0
Number of asset objects unloaded after import = 3
========================================================================
Received Import Request.
  Time since last request: 0.000031 seconds.
  path: Assets/Stylized 2D Space Shooter - Free/Sprites/Medium/Missile_A_Medium.png
  artifactKey: Guid(4938d4fb12553d34995be6aeca3118e4) Importer(815301076,1909f56bfc062723c751e8b465ee728b)
Start importing Assets/Stylized 2D Space Shooter - Free/Sprites/Medium/Missile_A_Medium.png using Guid(4938d4fb12553d34995be6aeca3118e4) Importer(815301076,1909f56bfc062723c751e8b465ee728b)  -> (artifact id: 'e0da4db50e3abc2d405fb54d10837f29') in 0.043894 seconds
Number of updated asset objects reloaded before import = 0
Number of asset objects unloaded after import = 3
========================================================================
Received Import Request.
  Time since last request: 0.000033 seconds.
  path: Assets/Stylized 2D Space Shooter - Free/Sprites
  artifactKey: Guid(f158d66483db5a046bffcb9850c731fc) Importer(815301076,1909f56bfc062723c751e8b465ee728b)
Start importing Assets/Stylized 2D Space Shooter - Free/Sprites using Guid(f158d66483db5a046bffcb9850c731fc) Importer(815301076,1909f56bfc062723c751e8b465ee728b)  -> (artifact id: '573324f9a6ed8cd0ba291182a59ad415') in 0.000872 seconds
Number of updated asset objects reloaded before import = 0
Number of asset objects unloaded after import = 0
========================================================================
Received Import Request.
  Time since last request: 0.000164 seconds.
  path: Assets/Stylized 2D Space Shooter - Free/Sprites/Medium/Pickup_1_D_Medium.png
  artifactKey: Guid(822f5e557cfa3a1488f3c60eac3b9574) Importer(815301076,1909f56bfc062723c751e8b465ee728b)
Start importing Assets/Stylized 2D Space Shooter - Free/Sprites/Medium/Pickup_1_D_Medium.png using Guid(822f5e557cfa3a1488f3c60eac3b9574) Importer(815301076,1909f56bfc062723c751e8b465ee728b)  -> (artifact id: '43ee65878ed01105a921c29a0bb34f56') in 0.044925 seconds
Number of updated asset objects reloaded before import = 0
Number of asset objects unloaded after import = 3
========================================================================
Received Import Request.
  Time since last request: 0.000046 seconds.
  path: Assets/Stylized 2D Space Shooter - Free/Sprites/Medium/Pickup_3_C_Medium.png
  artifactKey: Guid(417f25b39d7505044a332624ff93bed6) Importer(815301076,1909f56bfc062723c751e8b465ee728b)
Start importing Assets/Stylized 2D Space Shooter - Free/Sprites/Medium/Pickup_3_C_Medium.png using Guid(417f25b39d7505044a332624ff93bed6) Importer(815301076,1909f56bfc062723c751e8b465ee728b)  -> (artifact id: '8fbc697c53f7818eccee849633da75d5') in 0.054353 seconds
Number of updated asset objects reloaded before import = 0
Number of asset objects unloaded after import = 3
========================================================================
Received Import Request.
  Time since last request: 0.000055 seconds.
  path: Assets/Stylized 2D Space Shooter - Free/Sprites/Medium/Ship_1_A_Medium.png
  artifactKey: Guid(4a2c58b97584433418a837b65218a045) Importer(815301076,1909f56bfc062723c751e8b465ee728b)
Start importing Assets/Stylized 2D Space Shooter - Free/Sprites/Medium/Ship_1_A_Medium.png using Guid(4a2c58b97584433418a837b65218a045) Importer(815301076,1909f56bfc062723c751e8b465ee728b)  -> (artifact id: 'e30fc1d275a2116617e867f30197f1bc') in 0.058865 seconds
Number of updated asset objects reloaded before import = 0
Number of asset objects unloaded after import = 3
========================================================================
Received Import Request.
  Time since last request: 0.000045 seconds.
  path: Assets/Stylized 2D Space Shooter - Free/Sprites/Medium/Ship_1_B_Medium.png
  artifactKey: Guid(71651a718f4c40b4b99b5a6f14c72c30) Importer(815301076,1909f56bfc062723c751e8b465ee728b)
Start importing Assets/Stylized 2D Space Shooter - Free/Sprites/Medium/Ship_1_B_Medium.png using Guid(71651a718f4c40b4b99b5a6f14c72c30) Importer(815301076,1909f56bfc062723c751e8b465ee728b)  -> (artifact id: '7de7c1c524033d04a2dd3629738a1209') in 0.066279 seconds
Number of updated asset objects reloaded before import = 0
Number of asset objects unloaded after import = 3
========================================================================
Received Import Request.
  Time since last request: 0.000083 seconds.
  path: Assets/Stylized 2D Space Shooter - Free/Sprites/Medium/Pickup_2_B_Medium.png
  artifactKey: Guid(5cf88498d57711b43b4f7177075f336a) Importer(815301076,1909f56bfc062723c751e8b465ee728b)
Start importing Assets/Stylized 2D Space Shooter - Free/Sprites/Medium/Pickup_2_B_Medium.png using Guid(5cf88498d57711b43b4f7177075f336a) Importer(815301076,1909f56bfc062723c751e8b465ee728b)  -> (artifact id: '960bfb192fd5da24bc614395d0d7ad02') in 0.066870 seconds
Number of updated asset objects reloaded before import = 0
Number of asset objects unloaded after import = 3
========================================================================
Received Import Request.
  Time since last request: 0.000054 seconds.
  path: Assets/Stylized 2D Space Shooter - Free/Sprites/Medium/Enemy_1_D_Medium.png
  artifactKey: Guid(73e2bbb1a5116924abf0a2bd87976b0b) Importer(815301076,1909f56bfc062723c751e8b465ee728b)
Start importing Assets/Stylized 2D Space Shooter - Free/Sprites/Medium/Enemy_1_D_Medium.png using Guid(73e2bbb1a5116924abf0a2bd87976b0b) Importer(815301076,1909f56bfc062723c751e8b465ee728b)  -> (artifact id: '287d4d62cf094cd2e74136f3764e704f') in 0.074321 seconds
Number of updated asset objects reloaded before import = 0
Number of asset objects unloaded after import = 3
========================================================================
Received Import Request.
  Time since last request: 0.000093 seconds.
  path: Assets/Stylized 2D Space Shooter - Free/Sprites/Medium/Pickup_2_A_Medium.png
  artifactKey: Guid(6c9ffb4fc14e9e943a5d2102558a1ecc) Importer(815301076,1909f56bfc062723c751e8b465ee728b)
Start importing Assets/Stylized 2D Space Shooter - Free/Sprites/Medium/Pickup_2_A_Medium.png using Guid(6c9ffb4fc14e9e943a5d2102558a1ecc) Importer(815301076,1909f56bfc062723c751e8b465ee728b)  -> (artifact id: '9055f0786f977fd45d27794c3f0a4041') in 0.076439 seconds
Number of updated asset objects reloaded before import = 0
Number of asset objects unloaded after import = 3
========================================================================
Received Import Request.
  Time since last request: 161.613969 seconds.
  path: Assets/Stylized 2D Space Shooter - Free/Sprites/Medium/Ship_1_C_Medium.png
  artifactKey: Guid(9ffdeca0da196d44f80ca3e8fdfbf684) Importer(815301076,1909f56bfc062723c751e8b465ee728b)
Start importing Assets/Stylized 2D Space Shooter - Free/Sprites/Medium/Ship_1_C_Medium.png using Guid(9ffdeca0da196d44f80ca3e8fdfbf684) Importer(815301076,1909f56bfc062723c751e8b465ee728b)  -> (artifact id: 'b49493914e90b30fc0dcc902d85b4f8e') in 0.044100 seconds
Number of updated asset objects reloaded before import = 0
Number of asset objects unloaded after import = 3
========================================================================
Received Import Request.
  Time since last request: 0.000047 seconds.
  path: Assets/Stylized 2D Space Shooter - Free/Sprites/Medium/Ship_2_A_Medium.png
  artifactKey: Guid(9829651262119ec45bd169dbd9b127aa) Importer(815301076,1909f56bfc062723c751e8b465ee728b)
Start importing Assets/Stylized 2D Space Shooter - Free/Sprites/Medium/Ship_2_A_Medium.png using Guid(9829651262119ec45bd169dbd9b127aa) Importer(815301076,1909f56bfc062723c751e8b465ee728b)  -> (artifact id: 'c8a5c3ff68f0305c00e051d03c4b86b6') in 0.048451 seconds
Number of updated asset objects reloaded before import = 0
Number of asset objects unloaded after import = 3
========================================================================
Received Import Request.
  Time since last request: 0.000045 seconds.
  path: Assets/Stylized 2D Space Shooter - Free/Sprites/Medium/Ship_2_D_Medium.png
  artifactKey: Guid(03aa81dd0ddd1c74ea3ecc4f5044ce41) Importer(815301076,1909f56bfc062723c751e8b465ee728b)
Start importing Assets/Stylized 2D Space Shooter - Free/Sprites/Medium/Ship_2_D_Medium.png using Guid(03aa81dd0ddd1c74ea3ecc4f5044ce41) Importer(815301076,1909f56bfc062723c751e8b465ee728b)  -> (artifact id: 'e8fe7b9e8d4119358d9d57bf7b9b197b') in 0.049704 seconds
Number of updated asset objects reloaded before import = 0
Number of asset objects unloaded after import = 3
========================================================================
Received Import Request.
  Time since last request: 0.000031 seconds.
  path: Assets/Stylized 2D Space Shooter - Free/Sprites/Medium/Ship_2_C_Medium.png
  artifactKey: Guid(6bdc55fa15037804eb4bf073c9a71238) Importer(815301076,1909f56bfc062723c751e8b465ee728b)
Start importing Assets/Stylized 2D Space Shooter - Free/Sprites/Medium/Ship_2_C_Medium.png using Guid(6bdc55fa15037804eb4bf073c9a71238) Importer(815301076,1909f56bfc062723c751e8b465ee728b)  -> (artifact id: '6bb5060adaa566b7147a5974c51e1c61') in 0.046492 seconds
Number of updated asset objects reloaded before import = 0
Number of asset objects unloaded after import = 3
========================================================================
Received Import Request.
  Time since last request: 0.000073 seconds.
  path: Assets/Stylized 2D Space Shooter - Free/Sprites/Medium/Ship_2_B_Medium.png
  artifactKey: Guid(74fd76772e171e544a37171ee30eb050) Importer(815301076,1909f56bfc062723c751e8b465ee728b)
Start importing Assets/Stylized 2D Space Shooter - Free/Sprites/Medium/Ship_2_B_Medium.png using Guid(74fd76772e171e544a37171ee30eb050) Importer(815301076,1909f56bfc062723c751e8b465ee728b)  -> (artifact id: 'd70672a2d0f466683502f8c6095b554d') in 0.051827 seconds
Number of updated asset objects reloaded before import = 0
Number of asset objects unloaded after import = 3
========================================================================
Received Import Request.
  Time since last request: 0.000053 seconds.
  path: Assets/Stylized 2D Space Shooter - Free/Sprites/Medium/Ship_1_D_Medium.png
  artifactKey: Guid(c8c9f97e47dd8a343808fa99d1e16c79) Importer(815301076,1909f56bfc062723c751e8b465ee728b)
Start importing Assets/Stylized 2D Space Shooter - Free/Sprites/Medium/Ship_1_D_Medium.png using Guid(c8c9f97e47dd8a343808fa99d1e16c79) Importer(815301076,1909f56bfc062723c751e8b465ee728b)  -> (artifact id: '4b19b1850689d107306eefc8771ef331') in 0.049064 seconds
Number of updated asset objects reloaded before import = 0
Number of asset objects unloaded after import = 3
