Unity Editor version:    2022.3.7f1 (b16b3b16c7a0)
Branch:                  2022.3/staging
Build type:              Release
Batch mode:              YES
macOS version:           Version 13.0.1 (Build 22A400)
Darwin version:          22.1.0
Architecture:            x86_64
Running under Rosetta:   NO
Available memory:        8192 MB
Using pre-set license
Pro License: YES

COMMAND LINE ARGUMENTS:
/Applications/Unity/Hub/Editor/2022.3.7f1/Unity.app/Contents/MacOS/Unity
-adb2
-batchMode
-noUpm
-name
AssetImportWorker0
-projectPath
/Users/rajeshrodney/Desktop/CMPT 306/cmpt306/Unity Files
-logFile
Logs/AssetImportWorker0.log
-srvPort
64844
Successfully changed project path to: /Users/rajeshrodney/Desktop/CMPT 306/cmpt306/Unity Files
/Users/rajeshrodney/Desktop/CMPT 306/cmpt306/Unity Files
[UnityMemory] Configuration Parameters - Can be set up in boot.config
    "memorysetup-bucket-allocator-granularity=16"
    "memorysetup-bucket-allocator-bucket-count=8"
    "memorysetup-bucket-allocator-block-size=33554432"
    "memorysetup-bucket-allocator-block-count=8"
    "memorysetup-main-allocator-block-size=16777216"
    "memorysetup-thread-allocator-block-size=16777216"
    "memorysetup-gfx-main-allocator-block-size=16777216"
    "memorysetup-gfx-thread-allocator-block-size=16777216"
    "memorysetup-cache-allocator-block-size=4194304"
    "memorysetup-typetree-allocator-block-size=2097152"
    "memorysetup-profiler-bucket-allocator-granularity=16"
    "memorysetup-profiler-bucket-allocator-bucket-count=8"
    "memorysetup-profiler-bucket-allocator-block-size=33554432"
    "memorysetup-profiler-bucket-allocator-block-count=8"
    "memorysetup-profiler-allocator-block-size=16777216"
    "memorysetup-profiler-editor-allocator-block-size=1048576"
    "memorysetup-temp-allocator-size-main=16777216"
    "memorysetup-job-temp-allocator-block-size=2097152"
    "memorysetup-job-temp-allocator-block-size-background=1048576"
    "memorysetup-job-temp-allocator-reduction-small-platforms=262144"
    "memorysetup-allocator-temp-initial-block-size-main=262144"
    "memorysetup-allocator-temp-initial-block-size-worker=262144"
    "memorysetup-temp-allocator-size-background-worker=32768"
    "memorysetup-temp-allocator-size-job-worker=262144"
    "memorysetup-temp-allocator-size-preload-manager=33554432"
    "memorysetup-temp-allocator-size-nav-mesh-worker=65536"
    "memorysetup-temp-allocator-size-audio-worker=65536"
    "memorysetup-temp-allocator-size-cloud-worker=32768"
    "memorysetup-temp-allocator-size-gi-baking-worker=262144"
    "memorysetup-temp-allocator-size-gfx=262144"
Player connection [140704585102528] Host "[IP] 10.237.50.204 [Port] 0 [Flags] 2 [Guid] 589182760 [EditorId] 589182760 [Version] 1048832 [Id] OSXEditor(0,lm-147dda302d57.dhcp.usask.ca) [Debug] 1 [PackageName] OSXEditor [ProjectName] Editor" joined multi-casting on [225.0.0.222:54997]...

Player connection [140704585102528] Host "[IP] 10.237.50.204 [Port] 0 [Flags] 2 [Guid] 589182760 [EditorId] 589182760 [Version] 1048832 [Id] OSXEditor(0,lm-147dda302d57.dhcp.usask.ca) [Debug] 1 [PackageName] OSXEditor [ProjectName] Editor" joined alternative multi-casting on [225.0.0.222:34997]...

Refreshing native plugins compatible for Editor in 66.77 ms, found 3 plugins.
Preloading 0 native plugins for Editor in 0.00 ms.
Initialize engine version: 2022.3.7f1 (b16b3b16c7a0)
[Subsystems] Discovering subsystems at path /Applications/Unity/Hub/Editor/2022.3.7f1/Unity.app/Contents/Resources/UnitySubsystems
[Subsystems] Discovering subsystems at path /Users/rajeshrodney/Desktop/CMPT 306/cmpt306/Unity Files/Assets
GfxDevice: creating device client; threaded=0; jobified=0
Color LCD preferred device: Intel(R) Iris(TM) Plus Graphics (low power)
Metal devices available: 1
0: Intel(R) Iris(TM) Plus Graphics (low power)
Using device Intel(R) Iris(TM) Plus Graphics (low power)
Initializing Metal device caps: Intel(R) Iris(TM) Plus Graphics
Initialize mono
Mono path[0] = '/Applications/Unity/Hub/Editor/2022.3.7f1/Unity.app/Contents/Managed'
Mono path[1] = '/Applications/Unity/Hub/Editor/2022.3.7f1/Unity.app/Contents/MonoBleedingEdge/lib/mono/unityjit-macos'
Mono config path = '/Applications/Unity/Hub/Editor/2022.3.7f1/Unity.app/Contents/MonoBleedingEdge/etc'
Using monoOptions --debugger-agent=transport=dt_socket,embedding=1,server=y,suspend=n,address=127.0.0.1:56229
Begin MonoManager ReloadAssembly
Registering precompiled unity dll's ...
Register platform support module: /Applications/Unity/Hub/Editor/2022.3.7f1/Unity.app/Contents/PlaybackEngines/MacStandaloneSupport/UnityEditor.OSXStandalone.Extensions.dll
Register platform support module: /Applications/Unity/Hub/Editor/2022.3.7f1/PlaybackEngines/WindowsStandaloneSupport/UnityEditor.WindowsStandalone.Extensions.dll
Registered in 0.015974 seconds.
- Loaded All Assemblies, in  1.259 seconds
Native extension for WindowsStandalone target not found
Native extension for OSXStandalone target not found
Mono: successfully reloaded assembly
- Finished resetting the current domain, in  0.797 seconds
Domain Reload Profiling: 2055ms
	BeginReloadAssembly (510ms)
		ExecutionOrderSort (0ms)
		DisableScriptedObjects (0ms)
		BackupInstance (0ms)
		ReleaseScriptingObjects (0ms)
		CreateAndSetChildDomain (3ms)
	RebuildCommonClasses (127ms)
	RebuildNativeTypeToScriptingClass (34ms)
	initialDomainReloadingComplete (156ms)
	LoadAllAssembliesAndSetupDomain (430ms)
		LoadAssemblies (504ms)
		RebuildTransferFunctionScriptingTraits (0ms)
		AnalyzeDomain (416ms)
			TypeCache.Refresh (407ms)
				TypeCache.ScanAssembly (371ms)
			ScanForSourceGeneratedMonoScriptInfo (1ms)
			ResolveRequiredComponents (2ms)
	FinalizeReload (798ms)
		ReleaseScriptCaches (0ms)
		RebuildScriptCaches (0ms)
		SetupLoadedEditorAssemblies (626ms)
			LogAssemblyErrors (0ms)
			InitializePlatformSupportModulesInManaged (26ms)
			SetLoadedEditorAssemblies (21ms)
			RefreshPlugins (0ms)
			BeforeProcessingInitializeOnLoad (6ms)
			ProcessInitializeOnLoadAttributes (446ms)
			ProcessInitializeOnLoadMethodAttributes (127ms)
			AfterProcessingInitializeOnLoad (0ms)
			EditorAssembliesLoaded (0ms)
		ExecutionOrderSort2 (0ms)
		AwakeInstancesAfterBackupRestoration (0ms)
========================================================================
Worker process is ready to serve import requests
Begin MonoManager ReloadAssembly
Symbol file LoadedFromMemory doesn't match image /Users/rajeshrodney/Desktop/CMPT 306/cmpt306/Unity Files/Library/PackageCache/com.unity.visualscripting@1.8.0/Editor/VisualScripting.Core/Dependencies/YamlDotNet/Unity.VisualScripting.YamlDotNet.dll
Symbol file LoadedFromMemory doesn't match image /Users/rajeshrodney/Desktop/CMPT 306/cmpt306/Unity Files/Library/PackageCache/com.unity.visualscripting@1.8.0/Editor/VisualScripting.Core/Dependencies/DotNetZip/Unity.VisualScripting.IonicZip.dll
- Loaded All Assemblies, in  2.853 seconds
Refreshing native plugins compatible for Editor in 12.16 ms, found 3 plugins.
Native extension for WindowsStandalone target not found
Native extension for OSXStandalone target not found
Package Manager log level set to [2]
[Package Manager] Server::EnsureServerProcessIsRunning -- launch failed, reason: Unity was launched with the -noUpm command-line argument
[Package Manager] UpmClient::Send -- Unable to send message (not connected to UPM process).
[Package Manager] Cannot connect to Unity Package Manager local server
Mono: successfully reloaded assembly
- Finished resetting the current domain, in  4.497 seconds
Domain Reload Profiling: 7352ms
	BeginReloadAssembly (411ms)
		ExecutionOrderSort (0ms)
		DisableScriptedObjects (10ms)
		BackupInstance (0ms)
		ReleaseScriptingObjects (0ms)
		CreateAndSetChildDomain (49ms)
	RebuildCommonClasses (110ms)
	RebuildNativeTypeToScriptingClass (56ms)
	initialDomainReloadingComplete (97ms)
	LoadAllAssembliesAndSetupDomain (2177ms)
		LoadAssemblies (1884ms)
		RebuildTransferFunctionScriptingTraits (0ms)
		AnalyzeDomain (551ms)
			TypeCache.Refresh (453ms)
				TypeCache.ScanAssembly (411ms)
			ScanForSourceGeneratedMonoScriptInfo (75ms)
			ResolveRequiredComponents (16ms)
	FinalizeReload (4501ms)
		ReleaseScriptCaches (0ms)
		RebuildScriptCaches (0ms)
		SetupLoadedEditorAssemblies (3552ms)
			LogAssemblyErrors (0ms)
			InitializePlatformSupportModulesInManaged (59ms)
			SetLoadedEditorAssemblies (16ms)
			RefreshPlugins (0ms)
			BeforeProcessingInitializeOnLoad (718ms)
			ProcessInitializeOnLoadAttributes (2635ms)
			ProcessInitializeOnLoadMethodAttributes (119ms)
			AfterProcessingInitializeOnLoad (4ms)
			EditorAssembliesLoaded (2ms)
		ExecutionOrderSort2 (0ms)
		AwakeInstancesAfterBackupRestoration (17ms)
Launching external process: /Applications/Unity/Hub/Editor/2022.3.7f1/Unity.app/Contents/Tools/UnityShaderCompiler
Launched and connected shader compiler UnityShaderCompiler after 0.80 seconds
Refreshing native plugins compatible for Editor in 19.06 ms, found 3 plugins.
Preloading 0 native plugins for Editor in 0.00 ms.
Unloading 3999 Unused Serialized files (Serialized files now loaded: 0)
Unloading 63 unused Assets / (54.6 KB). Loaded Objects now: 4461.
Memory consumption went from 142.3 MB to 142.3 MB.
Total: 61.004714 ms (FindLiveObjects: 4.825305 ms CreateObjectMapping: 0.258545 ms MarkObjects: 43.378786 ms  DeleteObjects: 12.522093 ms)

AssetImportParameters requested are different than current active one (requested -> active):
  custom:container-demuxer-ogg: 62fdf1f143b41e24485cea50d1cbac27 -> 
  custom:video-decoder-ogg-theora: a1e56fd34408186e4bbccfd4996cb3dc -> 
  custom:CustomObjectIndexerAttribute: 756ad292c208cfabdd7b50bc23989ffe -> 
  custom:container-demuxer-webm: 4f35f7cbe854078d1ac9338744f61a02 -> 
  custom:container-muxer-webm: aa71ff27fc2769a1b78a27578f13a17b -> 
  custom:video-decoder-webm-vp8: 9c59270c3fd7afecdb556c50c9e8de78 -> 
  custom:SearchIndexIgnoredProperties: e643bd26f0fe6173181afceb89e7c659 -> 
  custom:AudioImporter_EditorPlatform: 3918e3fc78b5a79bad01e8451be0beb8 -> 
  custom:framework-osx-AVFoundation: e770b220cccbd017edd2c1fefb359320 -> 
  custom:video-encoder-webm-vp8: eb34c28f22e8b96e1ab97ce403110664 -> 
  custom:audio-decoder-ogg-vorbis: bf7c407c2cedff20999df2af8eb42d56 -> 
  custom:audio-encoder-webm-vorbis: bf7c407c2cedff20999df2af8eb42d56 -> 
========================================================================
Received Import Request.
  Time since last request: 355808.267303 seconds.
  path: Assets/2D_sci-fi_weapon/Sprites/blue/blaster_blue.png
  artifactKey: Guid(5b7ba0d9d2234364a96c9db530596d61) Importer(815301076,1909f56bfc062723c751e8b465ee728b)
Start importing Assets/2D_sci-fi_weapon/Sprites/blue/blaster_blue.png using Guid(5b7ba0d9d2234364a96c9db530596d61) Importer(815301076,1909f56bfc062723c751e8b465ee728b)  -> (artifact id: '5c1b5a72400c2724a138616b5c32508b') in 0.832095 seconds
Number of updated asset objects reloaded before import = 0
Number of asset objects unloaded after import = 3
========================================================================
Received Import Request.
  Time since last request: 0.000153 seconds.
  path: Assets/2D_sci-fi_weapon/Sprites/blue/laser_blue.png
  artifactKey: Guid(8dd5ed28898c91b4a80fe789ce11ae7e) Importer(815301076,1909f56bfc062723c751e8b465ee728b)
Start importing Assets/2D_sci-fi_weapon/Sprites/blue/laser_blue.png using Guid(8dd5ed28898c91b4a80fe789ce11ae7e) Importer(815301076,1909f56bfc062723c751e8b465ee728b)  -> (artifact id: '5c46b2deeb46e36cf788e71b28b8b1c3') in 0.075743 seconds
Number of updated asset objects reloaded before import = 0
Number of asset objects unloaded after import = 3
========================================================================
Received Import Request.
  Time since last request: 0.003393 seconds.
  path: Assets/2D_sci-fi_weapon/Sprites/blue/med_blue.png
  artifactKey: Guid(5482971d57314b94087e863e528a5f1f) Importer(815301076,1909f56bfc062723c751e8b465ee728b)
Start importing Assets/2D_sci-fi_weapon/Sprites/blue/med_blue.png using Guid(5482971d57314b94087e863e528a5f1f) Importer(815301076,1909f56bfc062723c751e8b465ee728b)  -> (artifact id: '67e3442a58d3e8e246f705da047ba823') in 0.030058 seconds
Number of updated asset objects reloaded before import = 0
Number of asset objects unloaded after import = 3
========================================================================
Received Import Request.
  Time since last request: 0.000195 seconds.
  path: Assets/2D_sci-fi_weapon/Sprites/blue/rocket _launcher_blue.png
  artifactKey: Guid(837bde0e349efa24fa4fd77808011006) Importer(815301076,1909f56bfc062723c751e8b465ee728b)
Start importing Assets/2D_sci-fi_weapon/Sprites/blue/rocket _launcher_blue.png using Guid(837bde0e349efa24fa4fd77808011006) Importer(815301076,1909f56bfc062723c751e8b465ee728b)  -> (artifact id: 'be8ea0e62275dffc25258dfd08e32bde') in 0.034178 seconds
Number of updated asset objects reloaded before import = 0
Number of asset objects unloaded after import = 3
========================================================================
Received Import Request.
  Time since last request: 0.000263 seconds.
  path: Assets/2D_sci-fi_weapon/Sprites/blue/grenade_blue.png
  artifactKey: Guid(38332853b7d949c429a8fb4d9b928603) Importer(815301076,1909f56bfc062723c751e8b465ee728b)
Start importing Assets/2D_sci-fi_weapon/Sprites/blue/grenade_blue.png using Guid(38332853b7d949c429a8fb4d9b928603) Importer(815301076,1909f56bfc062723c751e8b465ee728b)  -> (artifact id: '39455eba650ec68ae12d2057f3ab0301') in 0.033515 seconds
Number of updated asset objects reloaded before import = 0
Number of asset objects unloaded after import = 3
========================================================================
Received Import Request.
  Time since last request: 0.000158 seconds.
  path: Assets/2D_sci-fi_weapon/Sprites/blue/kit_blue.png
  artifactKey: Guid(4703fced59df4ef4da0dd8f4331048f7) Importer(815301076,1909f56bfc062723c751e8b465ee728b)
Start importing Assets/2D_sci-fi_weapon/Sprites/blue/kit_blue.png using Guid(4703fced59df4ef4da0dd8f4331048f7) Importer(815301076,1909f56bfc062723c751e8b465ee728b)  -> (artifact id: '469dd202743db9e032b7354f6d1c8785') in 0.047929 seconds
Number of updated asset objects reloaded before import = 0
Number of asset objects unloaded after import = 3
========================================================================
Received Import Request.
  Time since last request: 0.000382 seconds.
  path: Assets/2D_sci-fi_weapon/Sprites/blue/med_iso_blue.png
  artifactKey: Guid(7bf4f103c9cec1948a5b5b96324449f5) Importer(815301076,1909f56bfc062723c751e8b465ee728b)
Start importing Assets/2D_sci-fi_weapon/Sprites/blue/med_iso_blue.png using Guid(7bf4f103c9cec1948a5b5b96324449f5) Importer(815301076,1909f56bfc062723c751e8b465ee728b)  -> (artifact id: 'c85a1a16f4622de21e1b9340ae71c52b') in 0.071370 seconds
Number of updated asset objects reloaded before import = 0
Number of asset objects unloaded after import = 3
========================================================================
Received Import Request.
  Time since last request: 0.000386 seconds.
  path: Assets/2D_sci-fi_weapon/Sprites/blue/armor_iso_blue.png
  artifactKey: Guid(a1d96d714e8eb71459d00f6c48bee004) Importer(815301076,1909f56bfc062723c751e8b465ee728b)
Start importing Assets/2D_sci-fi_weapon/Sprites/blue/armor_iso_blue.png using Guid(a1d96d714e8eb71459d00f6c48bee004) Importer(815301076,1909f56bfc062723c751e8b465ee728b)  -> (artifact id: 'cae5a3f9adc3c585bb61613dca4fdace') in 0.035655 seconds
Number of updated asset objects reloaded before import = 0
Number of asset objects unloaded after import = 3
========================================================================
Received Import Request.
  Time since last request: 0.000371 seconds.
  path: Assets/2D_sci-fi_weapon/Sprites/blue/gun_blue.png
  artifactKey: Guid(3e652a597824bd44d91fd93f87e3857d) Importer(815301076,1909f56bfc062723c751e8b465ee728b)
Start importing Assets/2D_sci-fi_weapon/Sprites/blue/gun_blue.png using Guid(3e652a597824bd44d91fd93f87e3857d) Importer(815301076,1909f56bfc062723c751e8b465ee728b)  -> (artifact id: 'be0c48a9dfc5941eff4463d783c835d3') in 0.040155 seconds
Number of updated asset objects reloaded before import = 0
Number of asset objects unloaded after import = 3
========================================================================
Received Import Request.
  Time since last request: 0.000196 seconds.
  path: Assets/2D_sci-fi_weapon/Sprites/blue/armor_blue.png
  artifactKey: Guid(70ddff1ddbea29545907e424e1d98ec8) Importer(815301076,1909f56bfc062723c751e8b465ee728b)
Start importing Assets/2D_sci-fi_weapon/Sprites/blue/armor_blue.png using Guid(70ddff1ddbea29545907e424e1d98ec8) Importer(815301076,1909f56bfc062723c751e8b465ee728b)  -> (artifact id: '3dc196749d96b21d1a9768cc58be3b36') in 0.056509 seconds
Number of updated asset objects reloaded before import = 0
Number of asset objects unloaded after import = 3
========================================================================
Received Import Request.
  Time since last request: 0.000287 seconds.
  path: Assets/2D_sci-fi_weapon/Sprites/blue/ammo_blue.png
  artifactKey: Guid(133efc8b88eda0f4ca9914b312de2520) Importer(815301076,1909f56bfc062723c751e8b465ee728b)
Start importing Assets/2D_sci-fi_weapon/Sprites/blue/ammo_blue.png using Guid(133efc8b88eda0f4ca9914b312de2520) Importer(815301076,1909f56bfc062723c751e8b465ee728b)  -> (artifact id: 'd9c2fc716c80b0c963ff9a539852864b') in 0.048798 seconds
Number of updated asset objects reloaded before import = 0
Number of asset objects unloaded after import = 3
========================================================================
Received Import Request.
  Time since last request: 0.001722 seconds.
  path: Assets/2D_sci-fi_weapon/Sprites/blue/ammo_iso_blue.png
  artifactKey: Guid(cfe599772e2a21b4194fa7c9ec1afaa9) Importer(815301076,1909f56bfc062723c751e8b465ee728b)
Start importing Assets/2D_sci-fi_weapon/Sprites/blue/ammo_iso_blue.png using Guid(cfe599772e2a21b4194fa7c9ec1afaa9) Importer(815301076,1909f56bfc062723c751e8b465ee728b)  -> (artifact id: 'bbb615ed7b0d38720843b2fd0bdd02f8') in 0.033691 seconds
Number of updated asset objects reloaded before import = 0
Number of asset objects unloaded after import = 3
========================================================================
Received Import Request.
  Time since last request: 0.000953 seconds.
  path: Assets/2D_sci-fi_weapon/Sprites/blue/flamethrower_blue.png
  artifactKey: Guid(8945fc5db7dc6044db378f1382ece111) Importer(815301076,1909f56bfc062723c751e8b465ee728b)
Start importing Assets/2D_sci-fi_weapon/Sprites/blue/flamethrower_blue.png using Guid(8945fc5db7dc6044db378f1382ece111) Importer(815301076,1909f56bfc062723c751e8b465ee728b)  -> (artifact id: '5a0c7273455e9c925168869f6a7d699b') in 0.035541 seconds
Number of updated asset objects reloaded before import = 0
Number of asset objects unloaded after import = 3
========================================================================
Received Import Request.
  Time since last request: 0.000418 seconds.
  path: Assets/2D_sci-fi_weapon/Sprites/blue/knife_blue.png
  artifactKey: Guid(b2c623fb2b729d14fb3f5e55bbfcb35a) Importer(815301076,1909f56bfc062723c751e8b465ee728b)
Start importing Assets/2D_sci-fi_weapon/Sprites/blue/knife_blue.png using Guid(b2c623fb2b729d14fb3f5e55bbfcb35a) Importer(815301076,1909f56bfc062723c751e8b465ee728b)  -> (artifact id: '220a9f0199a8498cbe1d0f61ddaa619e') in 0.041503 seconds
Number of updated asset objects reloaded before import = 0
Number of asset objects unloaded after import = 3
========================================================================
Received Import Request.
  Time since last request: 0.000329 seconds.
  path: Assets/2D_sci-fi_weapon/Sprites/blue/machine_gun_blue.png
  artifactKey: Guid(42d0e32d6fbccf3438cb33286fb41e44) Importer(815301076,1909f56bfc062723c751e8b465ee728b)
Start importing Assets/2D_sci-fi_weapon/Sprites/blue/machine_gun_blue.png using Guid(42d0e32d6fbccf3438cb33286fb41e44) Importer(815301076,1909f56bfc062723c751e8b465ee728b)  -> (artifact id: '71271e33c58e93c9a52273dd947f8ba8') in 0.049633 seconds
Number of updated asset objects reloaded before import = 0
Number of asset objects unloaded after import = 3
========================================================================
Received Import Request.
  Time since last request: 0.000228 seconds.
  path: Assets/2D_sci-fi_weapon/Sprites/blue/missile_blue.png
  artifactKey: Guid(0aa6095ddf0316646a1b0d510c7af0f7) Importer(815301076,1909f56bfc062723c751e8b465ee728b)
Start importing Assets/2D_sci-fi_weapon/Sprites/blue/missile_blue.png using Guid(0aa6095ddf0316646a1b0d510c7af0f7) Importer(815301076,1909f56bfc062723c751e8b465ee728b)  -> (artifact id: 'e397fe128f5104dea7b93396e72be5cb') in 0.061811 seconds
Number of updated asset objects reloaded before import = 0
Number of asset objects unloaded after import = 3
